<?xml version="1.0" encoding="UTF-8"?>
<!-- Generated by org.testng.reporters.JUnitReportReporter -->
<testsuite skipped="0" hostname="Admin-PC" name="org.bus.TestLoginOnFirefox" tests="1" failures="0" timestamp="08 Jul 2017 10:40:37 GMT" time="17.958" errors="0">
  <testcase name="TestLogin" time="17.958" classname="org.bus.TestLoginOnFirefox"/>
</testsuite> <!-- org.bus.TestLoginOnFirefox -->
