<?xml version="1.0" encoding="UTF-8"?>
<!-- Generated by org.testng.reporters.JUnitReportReporter -->
<testsuite skipped="0" hostname="Admin-PC" name="org.bus.TestLogin" tests="1" failures="0" timestamp="08 Jul 2017 10:22:01 GMT" time="10.001" errors="0">
  <testcase name="TestLogin" time="10.001" classname="org.bus.TestLogin"/>
</testsuite> <!-- org.bus.TestLogin -->
