<?xml version="1.0" encoding="UTF-8"?>
<!-- Generated by org.testng.reporters.JUnitReportReporter -->
<testsuite skipped="0" hostname="Syn-Tester-Dell" name="org.BUS.TestLogin" tests="1" failures="0" timestamp="05 Jul 2017 04:51:15 GMT" time="9.676" errors="0">
  <testcase name="TestLogin" time="9.676" classname="org.BUS.TestLogin"/>
</testsuite> <!-- org.BUS.TestLogin -->
